Log file open, 04/22/17 13:36:52
LogInit:Display: Running engine for game: ShowCase
LogPlatformFile: Not using cached read wrapper
LogInit:Display: RandInit(-1948051342) SRandInit(-1948051342).
LogTaskGraph: Started task graph with 5 named threads and 6 total threads with 1 sets of task threads.
LogStats: Stats thread started at 0.067294
LogInit: Using libcurl 7.47.1
LogInit:  - built for x86_64-pc-win32
LogInit:  - supports SSL with OpenSSL/1.0.2g
LogInit:  - supports HTTP deflate (compression) using libz 1.2.8
LogInit:  - other features:
LogInit:      CURL_VERSION_SSL
LogInit:      CURL_VERSION_LIBZ
LogInit:      CURL_VERSION_IPV6
LogInit:      CURL_VERSION_ASYNCHDNS
LogInit:      CURL_VERSION_LARGEFILE
LogInit:      CURL_VERSION_IDN
LogInit:  CurlRequestOptions (configurable via config and command line):
LogInit:  - bVerifyPeer = false  - Libcurl will NOT verify peer certificate
LogInit:  - bUseHttpProxy = false  - Libcurl will NOT use HTTP proxy
LogInit:  - bDontReuseConnections = false  - Libcurl will reuse connections
LogInit:  - CertBundlePath = nullptr  - Libcurl will use whatever was configured at build time.
LogInit: Build: ++UE4+Release-4.15-CL-3299760
LogInit: Engine Version: 4.15.0-3299760+++UE4+Release-4.15
LogInit: Compatible Engine Version: 4.15.0-3299760+++UE4+Release-4.15
LogInit: Net CL: 3299760
LogDevObjectVersion: Number of dev versions registered: 14
LogDevObjectVersion:   Dev-Blueprints (B0D832E4-1F89-4F0D-ACCF-7EB736FD4AA2): 8
LogDevObjectVersion:   Dev-Build (E1C64328-A22C-4D53-A36C-8E866417BD8C): 0
LogDevObjectVersion:   Dev-Core (375EC13C-06E4-48FB-B500-84F0262A717E): 2
LogDevObjectVersion:   Dev-Editor (E4B068ED-F494-42E9-A231-DA0B2E46BB41): 14
LogDevObjectVersion:   Dev-Framework (CFFC743F-43B0-4480-9391-14DF171D2073): 22
LogDevObjectVersion:   Dev-Mobile (B02B49B5-BB20-44E9-A304-32B752E40360): 0
LogDevObjectVersion:   Dev-Networking (A4E4105C-59A1-49B5-A7C5-40C4547EDFEE): 0
LogDevObjectVersion:   Dev-Online (39C831C9-5AE6-47DC-9A44-9C173E1C8E7C): 0
LogDevObjectVersion:   Dev-Physics (78F01B33-EBEA-4F98-B9B4-84EACCB95AA2): 0
LogDevObjectVersion:   Dev-Platform (6631380F-2D4D-43E0-8009-CF276956A95A): 0
LogDevObjectVersion:   Dev-Rendering (12F88B9F-8875-4AFC-A67C-D90C383ABD29): 12
LogDevObjectVersion:   Dev-Sequencer (7B5AE74C-D270-4C10-A958-57980B212A5A): 3
LogDevObjectVersion:   Dev-VR (D7296918-1DD6-4BDD-9DE2-64A83CC13884): 0
LogDevObjectVersion:   Dev-LoadTimes (C2A15278-BFE7-4AFE-6C17-90FF531DF755): 1
LogInit: Compiled (64-bit): Feb 14 2017 02:04:14
LogInit: Compiled with Visual C++: 19.00.23026.00
LogInit: Build Configuration: Development
LogInit: Branch Name: ++UE4+Release-4.15
LogInit: Command line:  
LogInit: Base directory: C:/Program Files/Epic Games/UE_4.15/Engine/Binaries/Win64/
LogInit: Installed Engine Build: 1
LogInit: Presizing for max 8388607 objects, including 0 objects not considered by GC, pre-allocating 0 bytes for permanent pool.
LogInit: Object subsystem initialized
[2017.04.22-17.36.54:180][  0]LogInit: Selected Device Profile: [Windows]
[2017.04.22-17.36.54:180][  0]LogInit: Applying CVar settings loaded from the selected device profile: [Windows]
[2017.04.22-17.36.54:289][  0]LogInit: Computer: PRG22732
[2017.04.22-17.36.54:289][  0]LogInit: User: aepps
[2017.04.22-17.36.54:289][  0]LogInit: CPU Page size=65536, Cores=2
[2017.04.22-17.36.54:289][  0]LogInit: High frequency timer resolution =2.435888 MHz
[2017.04.22-17.36.54:289][  0]LogMemory: Memory total: Physical=7.9GB (8GB approx)
[2017.04.22-17.36.54:289][  0]LogMemory: Platform Memory Stats for Windows
[2017.04.22-17.36.54:289][  0]LogMemory: Process Physical Memory: 261.63 MB used, 261.63 MB peak
[2017.04.22-17.36.54:289][  0]LogMemory: Process Virtual Memory: 264.26 MB used, 264.26 MB peak
[2017.04.22-17.36.54:289][  0]LogMemory: Physical Memory: 2849.40 MB used,  5247.74 MB free, 8097.14 MB total
[2017.04.22-17.36.54:289][  0]LogMemory: Virtual Memory: 630.50 MB used,  5247.74 MB free, 8388608.00 MB total
[2017.04.22-17.36.54:360][  0]LogTextLocalizationManager: No specific translations for ('en-US') exist, so ('en') translations will be used.
[2017.04.22-17.36.55:000][  0]LogD3D11RHI: D3D11 adapters:
[2017.04.22-17.36.55:014][  0]LogD3D11RHI:    0. 'Intel(R) HD Graphics 4600' (Feature Level 11_0)
[2017.04.22-17.36.55:014][  0]LogD3D11RHI:       2094/0/3792 MB DedicatedVideo/DedicatedSystem/SharedSystem, Outputs:2, VendorId:0x8086
[2017.04.22-17.36.55:014][  0]LogD3D11RHI: Chosen D3D11 Adapter: 0
[2017.04.22-17.36.55:019][  0]LogD3D11RHI: Creating new Direct3DDevice
[2017.04.22-17.36.55:019][  0]LogD3D11RHI:     GPU DeviceId: 0x416 (for the marketing name, search the web for "GPU Device Id")
[2017.04.22-17.36.55:019][  0]LogWindows: EnumDisplayDevices:
[2017.04.22-17.36.55:019][  0]LogWindows:    0. 'Intel(R) HD Graphics 4600' (P:1 D:1)
[2017.04.22-17.36.55:019][  0]LogWindows:    1. 'Intel(R) HD Graphics 4600' (P:0 D:1)
[2017.04.22-17.36.55:019][  0]LogWindows:    2. 'Intel(R) HD Graphics 4600' (P:0 D:0)
[2017.04.22-17.36.55:019][  0]LogWindows:    3. 'Intel(R) HD Graphics 4600' (P:0 D:0)
[2017.04.22-17.36.55:020][  0]LogWindows:    4. 'Intel(R) HD Graphics 4600' (P:0 D:0)
[2017.04.22-17.36.55:020][  0]LogWindows:    5. 'Intel(R) HD Graphics 4600' (P:0 D:0)
[2017.04.22-17.36.55:020][  0]LogWindows:    6. 'Intel(R) HD Graphics 4600' (P:0 D:0)
[2017.04.22-17.36.55:020][  0]LogWindows:    7. 'Intel(R) HD Graphics 4600' (P:0 D:0)
[2017.04.22-17.36.55:020][  0]LogWindows:    8. 'Intel(R) HD Graphics 4600' (P:0 D:0)
[2017.04.22-17.36.55:021][  0]LogWindows:    9. 'RDPDD Chained DD' (P:0 D:0)
[2017.04.22-17.36.55:021][  0]LogWindows:    10. 'RDP Encoder Mirror Driver' (P:0 D:0)
[2017.04.22-17.36.55:021][  0]LogWindows:    11. 'RDP Reflector Display Driver' (P:0 D:0)
[2017.04.22-17.36.55:021][  0]LogWindows: DebugString: GetVideoDriverDetailsInvalid PrimaryIsNotTheChoosenAdapter GetVideoDriverDetailsInvalid PrimaryIsNotTheChoosenAdapter GetVideoDriverDetailsInvalid PrimaryIsNotTheChoosenAdapter FoundDriverCount:9 
[2017.04.22-17.36.55:021][  0]LogD3D11RHI:     Adapter Name: Intel(R) HD Graphics 4600
[2017.04.22-17.36.55:021][  0]LogD3D11RHI:   Driver Version: 10.18.14.4099 (internal:10.18.14.4099, unified:10.18.14.4099)
[2017.04.22-17.36.55:021][  0]LogD3D11RHI:      Driver Date: 1-19-2015
[2017.04.22-17.36.55:021][  0]LogRHI: Texture pool is 1361 MB (70% of 1945 MB)
[2017.04.22-17.36.55:034][  0]LogD3D11RHI: Async texture creation enabled
[2017.04.22-17.36.55:042][  0]LogD3D11RHI: GPU Timing Frequency: 12.500000 (Debug: 2 1)
[2017.04.22-17.36.55:042][  0]LogShaderCompilers: Guid format shader working directory is 20 characters bigger than the processId version (H:/UnrealShowcase/ShowCase/Intermediate/Shaders/WorkingDirectory/1292/).
[2017.04.22-17.36.55:042][  0]LogShaderCompilers: Cleaned the shader compiler working directory 'C:/Users/aepps/AppData/Local/Temp/UnrealShaderWorkingDir/067AB33746EEB8A01AC716AACE4F87BA/'.
[2017.04.22-17.36.55:042][  0]LogShaderCompilers:Display: Using Local Shader Compiler.
[2017.04.22-17.36.56:316][  0]LogTemp:Display: Loaded TP AllDesktopTargetPlatform
[2017.04.22-17.36.56:428][  0]LogTemp:Display: Loaded TP MacClientTargetPlatform
[2017.04.22-17.36.56:499][  0]LogTemp:Display: Loaded TP MacNoEditorTargetPlatform
[2017.04.22-17.36.56:569][  0]LogTemp:Display: Loaded TP MacServerTargetPlatform
[2017.04.22-17.36.56:639][  0]LogTemp:Display: Loaded TP MacTargetPlatform
[2017.04.22-17.36.56:710][  0]LogTemp:Display: Loaded TP WindowsClientTargetPlatform
[2017.04.22-17.36.56:779][  0]LogTemp:Display: Loaded TP WindowsNoEditorTargetPlatform
[2017.04.22-17.36.56:848][  0]LogTemp:Display: Loaded TP WindowsServerTargetPlatform
[2017.04.22-17.36.56:898][  0]LogTemp:Display: Loaded TP WindowsTargetPlatform
[2017.04.22-17.36.56:967][  0]LogTemp:Display: Loaded TP AndroidTargetPlatform
[2017.04.22-17.36.57:035][  0]LogTemp:Display: Loaded TP Android_ASTCTargetPlatform
[2017.04.22-17.36.57:103][  0]LogTemp:Display: Loaded TP Android_ATCTargetPlatform
[2017.04.22-17.36.57:172][  0]LogTemp:Display: Loaded TP Android_DXTTargetPlatform
[2017.04.22-17.36.57:279][  0]LogTemp:Display: Loaded TP Android_ETC1TargetPlatform
[2017.04.22-17.36.57:347][  0]LogTemp:Display: Loaded TP Android_ETC2TargetPlatform
[2017.04.22-17.36.57:485][  0]LogTemp:Display: Loaded TP Android_MultiTargetPlatform
[2017.04.22-17.36.57:485][  0]LogTemp:Display: Loaded TP Android_PVRTCTargetPlatform
[2017.04.22-17.36.57:526][  0]LogTemp:Display: Loaded TP HTML5TargetPlatform
[2017.04.22-17.36.57:639][  0]LogTemp:Display: Loaded TP IOSTargetPlatform
[2017.04.22-17.36.57:689][  0]LogTemp:Display: Loaded TP TVOSTargetPlatform
[2017.04.22-17.36.57:757][  0]LogTemp:Display: Loaded TP LinuxClientTargetPlatform
[2017.04.22-17.36.57:827][  0]LogTemp:Display: Loaded TP LinuxNoEditorTargetPlatform
[2017.04.22-17.36.57:898][  0]LogTemp:Display: Loaded TP LinuxServerTargetPlatform
[2017.04.22-17.36.57:967][  0]LogTemp:Display: Loaded TP LinuxTargetPlatform
[2017.04.22-17.36.57:967][  0]LogTargetPlatformManager:Display: Building Assets For Windows
[2017.04.22-17.36.58:436][  0]LogDerivedDataCache:Display: Max Cache Size: 512 MB
[2017.04.22-17.36.58:486][  0]LogDerivedDataCache: Loaded boot cache 0.05s 50MB C:/Users/aepps/AppData/Local/UnrealEngine/4.15/DerivedDataCache/Boot.ddc.
[2017.04.22-17.36.58:486][  0]LogDerivedDataCache:Display: Loaded Boot cache: C:/Users/aepps/AppData/Local/UnrealEngine/4.15/DerivedDataCache/Boot.ddc
[2017.04.22-17.36.58:489][  0]LogDerivedDataCache: FDerivedDataBackendGraph:  Pak pak cache file H:/UnrealShowcase/ShowCase/DerivedDataCache/DDC.ddp not found, will not use a pak cache.
[2017.04.22-17.36.58:489][  0]LogDerivedDataCache: Unable to find inner node Pak for hierarchical cache Hierarchy.
[2017.04.22-17.36.58:491][  0]LogDerivedDataCache: FDerivedDataBackendGraph:  CompressedPak pak cache file H:/UnrealShowcase/ShowCase/DerivedDataCache/Compressed.ddp not found, will not use a pak cache.
[2017.04.22-17.36.58:491][  0]LogDerivedDataCache: Unable to find inner node CompressedPak for hierarchical cache Hierarchy.
[2017.04.22-17.36.58:511][  0]LogDerivedDataCache:Display: Pak cache opened for reading ../../../Engine/DerivedDataCache/Compressed.ddp.
[2017.04.22-17.36.58:522][  0]LogDerivedDataCache: Using Local data cache path C:/Users/aepps/AppData/Local/UnrealEngine/Common/DerivedDataCache: Writable
[2017.04.22-17.36.58:531][  0]LogSlate: Using Freetype 2.6.0
[2017.04.22-17.36.58:531][  0]LogSlate: SlateFontCache - WITH_FREETYPE: 1, WITH_HARFBUZZ: 1
[2017.04.22-17.36.58:531][  0]LogSlate: SlateFontCache - WITH_FREETYPE: 1, WITH_HARFBUZZ: 1
[2017.04.22-17.36.58:790][  0]LogInit: Selected Device Profile: [Windows]
[2017.04.22-17.36.58:792][  0]LogContentStreaming: Texture pool size is 0.00 MB
[2017.04.22-17.36.59:066][  0]LogMeshUtilities: Using QuadricMeshReduction for automatic static mesh reduction
[2017.04.22-17.36.59:113][  0]LogSimplygon: Simplygon DLL not present - disabling.
[2017.04.22-17.36.59:161][  0]LogMeshUtilities: Using SimplygonSwarm for distributed automatic mesh merging
[2017.04.22-17.36.59:161][  0]LogMeshUtilities: No automatic skeletal mesh reduction module available
[2017.04.22-17.36.59:161][  0]LogMeshUtilities: No automatic mesh merging module available
[2017.04.22-17.36.59:947][  0]LogNetVersion: GetLocalNetworkVersion: CL: 3299760, ProjectName: showcase, ProjectVersion: , EngineNetworkVersion: 2, GameNetworkVersion: 0, NetworkChecksum: 3344114795
[2017.04.22-17.36.59:994][  0]LogAssetRegistry: FAssetRegistry took 0.0201 seconds to start up
[2017.04.22-17.37.01:243][  0]LogPackageLocalizationCache: Processed 3 localized package path(s) for 2 prioritized culture(s) in 1.216098 seconds
[2017.04.22-17.37.01:249][  0]LogUObjectArray: 32475 objects as part of root set at end of initial load.
[2017.04.22-17.37.01:249][  0]LogUObjectAllocator: 7073368 out of 0 bytes used by permanent object pool.
[2017.04.22-17.37.01:249][  0]LogUObjectArray: CloseDisregardForGC: 0/0 objects in disregard for GC pool
[2017.04.22-17.37.01:317][  0]LogInit: WinSock: version 1.1 (2.2), MaxSocks=32767, MaxUdp=65467
[2017.04.22-17.37.03:213][  0]LogTcpMessaging: Initializing TcpMessaging bridge
[2017.04.22-17.37.03:253][  0]LogUdpMessaging: Initializing bridge on interface 0.0.0.0:0 to multicast group 230.0.0.1:6666.
[2017.04.22-17.37.08:317][  0]LogMaterial: Uniform references updated for custom material expression Custom.
[2017.04.22-17.37.08:853][  0]SourceControl: Info Source control is disabled
[2017.04.22-17.37.08:889][  0]SourceControl: Info Source control is disabled
[2017.04.22-17.37.08:938][  0]SourceControl: Info Source control is disabled
[2017.04.22-17.37.08:985][  0]SourceControl: Info Source control is disabled
[2017.04.22-17.37.10:357][  0]LogEngine: Initializing Engine...
[2017.04.22-17.37.10:357][  0]LogHMD: Failed to initialize OpenVR with code 110
[2017.04.22-17.37.10:624][  0]LogAIModule: Creating AISystem for world Untitled
[2017.04.22-17.37.10:635][  0]LogInit: XAudio2 using 'Speakers / Headphones (Realtek High Definition Audio)' : 2 channels at 48 kHz using 32 bits per sample (channel mask 0x3)
[2017.04.22-17.37.10:711][  0]LogInit: FAudioDevice initialized.
[2017.04.22-17.37.10:740][  0]LogDerivedDataCache: Saved boot cache 0.03s 51MB C:/Users/aepps/AppData/Local/UnrealEngine/4.15/DerivedDataCache/Boot.ddc.
[2017.04.22-17.37.10:749][  0]LogInit: Texture streaming: Enabled
[2017.04.22-17.37.10:862][  0]LogEngineSessionManager: EngineSessionManager initialized
[2017.04.22-17.37.10:999][  0]LogInit: Transaction tracking system initialized
[2017.04.22-17.37.11:480][  0]BlueprintLog: New page: Editor Load
[2017.04.22-17.37.13:242][  0]LocalizationService: Info Localization service is disabled
[2017.04.22-17.37.14:201][  0]LogConsoleResponse:Display: 
[2017.04.22-17.37.14:428][  0]LogCook:Display: Max memory allowance for cook 16384mb min free memory 0mb
[2017.04.22-17.37.14:428][  0]LogCook:Display: Mobile HDR setting 1
[2017.04.22-17.37.15:427][  0]LogFileCache: Scanning file cache for directory 'H:/UnrealShowcase/ShowCase/Content/' took 0.80s
[2017.04.22-17.37.15:853][  0]SourceControl: Info Source control is disabled
[2017.04.22-17.37.15:853][  0]Cmd: MAP LOAD FILE="H:/UnrealShowcase/ShowCase/Content/FirstPersonCPP/Maps/FirstPersonExampleMap.umap" TEMPLATE=0 SHOWPROGRESS=1 FEATURELEVEL=3
[2017.04.22-17.37.15:971][  0]LightingResults: New page: Lighting Build
[2017.04.22-17.37.16:030][  0]MapCheck: New page: Map Check
[2017.04.22-17.37.16:030][  0]LightingResults: New page: Lighting Build
[2017.04.22-17.37.18:044][  0]LogTexture:Display: Building textures: HQ_Lightmap0_1 (AutoDXT)
[2017.04.22-17.37.19:477][  0]LogTexture:Display: Building textures: HQ_Lightmap0_2 (AutoDXT)
[2017.04.22-17.37.20:881][  0]LogTexture:Display: Building textures: HQ_Lightmap0_3 (AutoDXT)
[2017.04.22-17.37.23:121][  0]LogTexture:Display: Building textures: HQ_Lightmap0_4 (AutoDXT)
[2017.04.22-17.37.23:819][  0]LogTexture:Display: Building textures: HQ_Lightmap0_5 (AutoDXT)
[2017.04.22-17.37.23:899][  0]LogTexture:Display: Building textures: LQ_Lightmap_0_1 (DXT1)
[2017.04.22-17.37.24:238][  0]LogTexture:Display: Building textures: LQ_Lightmap_0_2 (DXT1)
[2017.04.22-17.37.24:735][  0]LogTexture:Display: Building textures: LQ_Lightmap_0_3 (DXT1)
[2017.04.22-17.37.25:349][  0]LogTexture:Display: Building textures: LQ_Lightmap_0_4 (DXT1)
[2017.04.22-17.37.25:616][  0]LogTexture:Display: Building textures: LQ_Lightmap_0_5 (DXT1)
[2017.04.22-17.37.25:667][  0]LogTexture:Display: Building textures: SkyOcclusion0_1 (AutoDXT)
[2017.04.22-17.37.26:130][  0]LogTexture:Display: Building textures: SkyOcclusion0_2 (AutoDXT)
[2017.04.22-17.37.26:612][  0]LogTexture:Display: Building textures: SkyOcclusion0_3 (AutoDXT)
[2017.04.22-17.37.27:354][  0]LogTexture:Display: Building textures: SkyOcclusion0_4 (AutoDXT)
[2017.04.22-17.37.27:708][  0]LogTexture:Display: Building textures: SkyOcclusion0_5 (AutoDXT)
[2017.04.22-17.37.27:718][  0]LogTexture:Display: Building textures: ShadowMapTexture2D_0 (G8)
[2017.04.22-17.37.27:795][  0]LogTexture:Display: Building textures: ShadowMapTexture2D_1 (G8)
[2017.04.22-17.37.27:875][  0]LogTexture:Display: Building textures: ShadowMapTexture2D_2 (G8)
[2017.04.22-17.37.27:957][  0]LogTexture:Display: Building textures: ShadowMapTexture2D_3 (G8)
[2017.04.22-17.37.28:033][  0]LogTexture:Display: Building textures: ShadowMapTexture2D_4 (G8)
[2017.04.22-17.37.28:107][  0]LogTexture:Display: Building textures: ShadowMapTexture2D_5 (G8)
[2017.04.22-17.37.28:181][  0]LogTexture:Display: Building textures: ShadowMapTexture2D_6 (G8)
[2017.04.22-17.37.28:244][  0]LogTexture:Display: Building textures: ShadowMapTexture2D_7 (G8)
[2017.04.22-17.37.28:288][  0]LogAIModule: Creating AISystem for world FirstPersonExampleMap
[2017.04.22-17.37.28:693][  0]LogEditorServer: Finished looking for orphan Actors (0.000 secs)
[2017.04.22-17.37.28:693][  0]Cmd: MAP CHECKDEP NOCLEARLOG
[2017.04.22-17.37.28:976][  0]MapCheck: Info Map check complete: 0 Error(s), 0 Warning(s), took 282.368ms to complete.
[2017.04.22-17.37.28:976][  0]LogFileHelpers: Loading map 'FirstPersonExampleMap' took 13.123
[2017.04.22-17.37.29:475][  0]LogCollectionManager: Loaded 0 collections in 0.031903 seconds
[2017.04.22-17.37.29:644][  0]LogFileCache: Scanning file cache for directory 'H:/UnrealShowcase/ShowCase/Saved/Collections/' took 0.01s
[2017.04.22-17.37.29:644][  0]LogFileCache: Scanning file cache for directory 'H:/UnrealShowcase/ShowCase/Content/Developers/aepps/Collections/' took 0.01s
[2017.04.22-17.37.29:644][  0]LogFileCache: Scanning file cache for directory 'H:/UnrealShowcase/ShowCase/Content/Collections/' took 0.01s
[2017.04.22-17.37.29:644][  0]LogCollectionManager: Rebuilt the GUID cache for 0 collections in 0.000002 seconds
[2017.04.22-17.37.29:663][  0]LogContentBrowser: Native class hierarchy populated in 0.0178 seconds. Added 2248 classes and 452 folders.
[2017.04.22-17.37.29:709][  0]LogStats: UGameplayTagsManager::ConstructGameplayTagTree: Construct from data asset -  0.000 s
[2017.04.22-17.37.29:709][  0]LogStats: UGameplayTagsManager::ConstructGameplayTagTree: GameplayTagTreeChangedEvent.Broadcast -  0.000 s
[2017.04.22-17.37.29:794][  0]LogContentBrowser: Native class hierarchy updated for 'WidgetCarousel' in 0.0091 seconds. Added 0 classes and 0 folders.
[2017.04.22-17.37.31:777][  0]LogContentBrowser: Native class hierarchy updated for 'AddContentDialog' in 0.0087 seconds. Added 0 classes and 0 folders.
[2017.04.22-17.37.31:845][  0]LogContentBrowser: Native class hierarchy updated for 'SceneOutliner' in 0.0083 seconds. Added 1 classes and 2 folders.
[2017.04.22-17.37.31:959][  0]LogCrashTracker: Crashtracker disabled due to settings.
[2017.04.22-17.37.32:234][  0]LogContentBrowser: Native class hierarchy updated for 'HierarchicalLODOutliner' in 0.0106 seconds. Added 1 classes and 2 folders.
[2017.04.22-17.37.32:235][  0]LogLoad: (Engine Initialization) Total time: 42.49 seconds
[2017.04.22-17.37.32:235][  0]LogLoad: (Engine Initialization) Total Blueprint compile time: 0.34 seconds
[2017.04.22-17.37.32:235][  0]LogExternalProfiler: Found external profiler: VSPerf
[2017.04.22-17.37.32:235][  0]LogExternalProfiler: Using external profiler: VSPerf
[2017.04.22-17.37.32:252][  0]LogOcInput: OculusInput pre-init called
[2017.04.22-17.37.32:319][  0]LogContentStreaming: Texture pool size now 1000 MB
[2017.04.22-17.37.32:320][  0]LogSlate: Took 0.000378 seconds to synchronously load lazily loaded font '../../../Engine/Content/Slate/Fonts/Roboto-Regular.ttf' (155K)
[2017.04.22-17.37.32:324][  0]LogSlate: Took 0.000369 seconds to synchronously load lazily loaded font '../../../Engine/Content/Slate/Fonts/Roboto-Bold.ttf' (160K)
[2017.04.22-17.37.32:351][  0]LogSlate: Took 0.021368 seconds to synchronously load lazily loaded font '../../../Engine/Content/Editor/Slate/Fonts/FontAwesome.ttf' (139K)
[2017.04.22-17.37.32:562][  0]LogSlate: Took 0.037691 seconds to synchronously load lazily loaded font '../../../Engine/Content/Slate/Fonts/Roboto-Light.ttf' (159K)
[2017.04.22-17.37.32:628][  0]LogRenderer: Reallocating scene render targets to support 856x372 NumSamples 1 (Frame:2).
[2017.04.22-17.37.33:364][  3]LogAssetRegistry: Asset discovery search completed in 33.3906 seconds
[2017.04.22-17.37.33:364][  3]LogCollectionManager: Rebuilt the object cache for 0 collections in 0.000007 seconds (found 0 objects)
[2017.04.22-17.37.33:364][  3]LogCollectionManager: Fixed up redirectors for 0 collections in 0.000034 seconds (updated 0 objects)
[2017.04.22-17.37.36:266][ 87]LogTemp: Repeting last play command: Selected Viewport
[2017.04.22-17.37.36:293][ 87]LogBlueprintUserMessages: Early PlayInEditor Detection: Level '/Game/FirstPersonCPP/Maps/FirstPersonExampleMap.FirstPersonExampleMap:PersistentLevel' has LevelScriptBlueprint '/Game/FirstPersonCPP/Maps/FirstPersonExampleMap.FirstPersonExampleMap:PersistentLevel.FirstPersonExampleMap' with GeneratedClass '/Game/FirstPersonCPP/Maps/FirstPersonExampleMap.FirstPersonExampleMap_C' with ClassGeneratedBy '/Game/FirstPersonCPP/Maps/FirstPersonExampleMap.FirstPersonExampleMap:PersistentLevel.FirstPersonExampleMap'
[2017.04.22-17.37.36:293][ 87]LogPlayLevel: PlayLevel: No blueprints needed recompiling
[2017.04.22-17.37.36:307][ 87]PIE: New page: PIE session: FirstPersonExampleMap (Apr 22, 2017, 9:37:36 AM)
[2017.04.22-17.37.36:307][ 87]LogPlayLevel: Creating play world package: /Game/FirstPersonCPP/Maps/UEDPIE_0_FirstPersonExampleMap
[2017.04.22-17.37.36:394][ 87]LogPlayLevel: PIE: StaticDuplicateObject took: (0.086863s)
[2017.04.22-17.37.36:396][ 87]LogAIModule: Creating AISystem for world FirstPersonExampleMap
[2017.04.22-17.37.36:396][ 87]LogPlayLevel: PIE: World Init took: (0.002028s)
[2017.04.22-17.37.36:397][ 87]LogPlayLevel: PIE: Created PIE world by copying editor world from /Game/FirstPersonCPP/Maps/FirstPersonExampleMap.FirstPersonExampleMap to /Game/FirstPersonCPP/Maps/UEDPIE_0_FirstPersonExampleMap.FirstPersonExampleMap (0.090013s)
[2017.04.22-17.37.36:423][ 87]LogInit: XAudio2 using 'Speakers / Headphones (Realtek High Definition Audio)' : 2 channels at 48 kHz using 32 bits per sample (channel mask 0x3)
[2017.04.22-17.37.36:436][ 87]LogInit: FAudioDevice initialized.
[2017.04.22-17.37.36:503][ 87]LogLoad: Game class is 'ShowCaseGameMode'
[2017.04.22-17.37.36:505][ 87]LogWorld: Bringing World /Game/FirstPersonCPP/Maps/UEDPIE_0_FirstPersonExampleMap.FirstPersonExampleMap up for play (max tick rate 60) at 2017.04.22-13.37.36
[2017.04.22-17.37.36:507][ 87]LogWorld: Bringing up level for play took: 0.003104
[2017.04.22-17.37.36:695][ 87]LogContentBrowser: Native class hierarchy updated for 'MovieSceneCapture' in 0.0125 seconds. Added 11 classes and 0 folders.
[2017.04.22-17.37.36:696][ 87]PIE: Info Play in editor start time for /Game/FirstPersonCPP/Maps/UEDPIE_0_FirstPersonExampleMap 0.411
[2017.04.22-17.37.36:696][ 87]LogBlueprintUserMessages: Late PlayInEditor Detection: Level '/Game/FirstPersonCPP/Maps/FirstPersonExampleMap.FirstPersonExampleMap:PersistentLevel' has LevelScriptBlueprint '/Game/FirstPersonCPP/Maps/FirstPersonExampleMap.FirstPersonExampleMap:PersistentLevel.FirstPersonExampleMap' with GeneratedClass '/Game/FirstPersonCPP/Maps/FirstPersonExampleMap.FirstPersonExampleMap_C' with ClassGeneratedBy '/Game/FirstPersonCPP/Maps/FirstPersonExampleMap.FirstPersonExampleMap:PersistentLevel.FirstPersonExampleMap'
[2017.04.22-17.37.50:304][595]LogBlueprintUserMessages: Early EndPlayMap Detection: Level '/Game/FirstPersonCPP/Maps/FirstPersonExampleMap.FirstPersonExampleMap:PersistentLevel' has LevelScriptBlueprint '/Game/FirstPersonCPP/Maps/FirstPersonExampleMap.FirstPersonExampleMap:PersistentLevel.FirstPersonExampleMap' with GeneratedClass '/Game/FirstPersonCPP/Maps/FirstPersonExampleMap.FirstPersonExampleMap_C' with ClassGeneratedBy '/Game/FirstPersonCPP/Maps/FirstPersonExampleMap.FirstPersonExampleMap:PersistentLevel.FirstPersonExampleMap'
[2017.04.22-17.37.50:384][595]LogBlueprintUserMessages: Late EndPlayMap Detection: Level '/Game/FirstPersonCPP/Maps/FirstPersonExampleMap.FirstPersonExampleMap:PersistentLevel' has LevelScriptBlueprint '/Game/FirstPersonCPP/Maps/FirstPersonExampleMap.FirstPersonExampleMap:PersistentLevel.FirstPersonExampleMap' with GeneratedClass '/Game/FirstPersonCPP/Maps/FirstPersonExampleMap.FirstPersonExampleMap_C' with ClassGeneratedBy '/Game/FirstPersonCPP/Maps/FirstPersonExampleMap.FirstPersonExampleMap:PersistentLevel.FirstPersonExampleMap'
[2017.04.22-17.38.07:765][113]LogTemp: Repeting last play command: Selected Viewport
[2017.04.22-17.38.07:788][113]LogBlueprintUserMessages: Early PlayInEditor Detection: Level '/Game/FirstPersonCPP/Maps/FirstPersonExampleMap.FirstPersonExampleMap:PersistentLevel' has LevelScriptBlueprint '/Game/FirstPersonCPP/Maps/FirstPersonExampleMap.FirstPersonExampleMap:PersistentLevel.FirstPersonExampleMap' with GeneratedClass '/Game/FirstPersonCPP/Maps/FirstPersonExampleMap.FirstPersonExampleMap_C' with ClassGeneratedBy '/Game/FirstPersonCPP/Maps/FirstPersonExampleMap.FirstPersonExampleMap:PersistentLevel.FirstPersonExampleMap'
[2017.04.22-17.38.07:789][113]LogPlayLevel: PlayLevel: No blueprints needed recompiling
[2017.04.22-17.38.07:789][113]PIE: New page: PIE session: FirstPersonExampleMap (Apr 22, 2017, 9:38:07 AM)
[2017.04.22-17.38.07:789][113]LogPlayLevel: Creating play world package: /Game/FirstPersonCPP/Maps/UEDPIE_0_FirstPersonExampleMap
[2017.04.22-17.38.07:832][113]LogPlayLevel: PIE: StaticDuplicateObject took: (0.043180s)
[2017.04.22-17.38.07:833][113]LogAIModule: Creating AISystem for world FirstPersonExampleMap
[2017.04.22-17.38.07:834][113]LogPlayLevel: PIE: World Init took: (0.001814s)
[2017.04.22-17.38.07:834][113]LogPlayLevel: PIE: Created PIE world by copying editor world from /Game/FirstPersonCPP/Maps/FirstPersonExampleMap.FirstPersonExampleMap to /Game/FirstPersonCPP/Maps/UEDPIE_0_FirstPersonExampleMap.FirstPersonExampleMap (0.045447s)
[2017.04.22-17.38.07:867][113]LogInit: XAudio2 using 'Speakers / Headphones (Realtek High Definition Audio)' : 2 channels at 48 kHz using 32 bits per sample (channel mask 0x3)
[2017.04.22-17.38.07:880][113]LogInit: FAudioDevice initialized.
[2017.04.22-17.38.07:914][113]LogLoad: Game class is 'ShowCaseGameMode'
[2017.04.22-17.38.07:916][113]LogWorld: Bringing World /Game/FirstPersonCPP/Maps/UEDPIE_0_FirstPersonExampleMap.FirstPersonExampleMap up for play (max tick rate 60) at 2017.04.22-13.38.07
[2017.04.22-17.38.07:917][113]LogWorld: Bringing up level for play took: 0.002421
[2017.04.22-17.38.07:918][113]PIE: Info Play in editor start time for /Game/FirstPersonCPP/Maps/UEDPIE_0_FirstPersonExampleMap -0.367
[2017.04.22-17.38.07:918][113]LogBlueprintUserMessages: Late PlayInEditor Detection: Level '/Game/FirstPersonCPP/Maps/FirstPersonExampleMap.FirstPersonExampleMap:PersistentLevel' has LevelScriptBlueprint '/Game/FirstPersonCPP/Maps/FirstPersonExampleMap.FirstPersonExampleMap:PersistentLevel.FirstPersonExampleMap' with GeneratedClass '/Game/FirstPersonCPP/Maps/FirstPersonExampleMap.FirstPersonExampleMap_C' with ClassGeneratedBy '/Game/FirstPersonCPP/Maps/FirstPersonExampleMap.FirstPersonExampleMap:PersistentLevel.FirstPersonExampleMap'
[2017.04.22-17.38.25:632][794]LogSpawn:Warning: SpawnActor failed because of collision at the spawn location [X=1517.654 Y=554.527 Z=242.545] for [FirstPersonProjectile_C]
[2017.04.22-17.38.25:839][802]LogSpawn:Warning: SpawnActor failed because of collision at the spawn location [X=1511.679 Y=560.649 Z=225.444] for [FirstPersonProjectile_C]
[2017.04.22-17.38.26:029][809]LogSpawn:Warning: SpawnActor failed because of collision at the spawn location [X=1546.659 Y=546.356 Z=279.465] for [FirstPersonProjectile_C]
[2017.04.22-17.38.26:276][818]LogSpawn:Warning: SpawnActor failed because of collision at the spawn location [X=1514.488 Y=567.409 Z=332.553] for [FirstPersonProjectile_C]
[2017.04.22-17.38.27:433][861]LogSpawn:Warning: SpawnActor failed because of collision at the spawn location [X=1270.868 Y=377.893 Z=316.676] for [FirstPersonProjectile_C]
[2017.04.22-17.38.27:751][873]LogSpawn:Warning: SpawnActor failed because of collision at the spawn location [X=1267.679 Y=374.856 Z=318.751] for [FirstPersonProjectile_C]
[2017.04.22-17.38.28:223][890]LogSpawn:Warning: SpawnActor failed because of collision at the spawn location [X=1269.050 Y=309.113 Z=225.226] for [FirstPersonProjectile_C]
[2017.04.22-17.38.46:612][600]LogSpawn:Warning: SpawnActor failed because of collision at the spawn location [X=1258.615 Y=1045.422 Z=316.273] for [FirstPersonProjectile_C]
[2017.04.22-17.38.46:794][607]LogSpawn:Warning: SpawnActor failed because of collision at the spawn location [X=1230.956 Y=1123.791 Z=322.325] for [FirstPersonProjectile_C]
[2017.04.22-17.38.47:013][615]LogSpawn:Warning: SpawnActor failed because of collision at the spawn location [X=1239.834 Y=1153.568 Z=322.933] for [FirstPersonProjectile_C]
[2017.04.22-17.38.50:917][764]LogSpawn:Warning: SpawnActor failed because of collision at the spawn location [X=1206.384 Y=1786.733 Z=263.318] for [FirstPersonProjectile_C]
[2017.04.22-17.38.53:106][847]LogSpawn:Warning: SpawnActor failed because of collision at the spawn location [X=946.487 Y=1186.446 Z=262.908] for [FirstPersonProjectile_C]
[2017.04.22-17.38.53:482][861]LogSpawn:Warning: SpawnActor failed because of collision at the spawn location [X=934.907 Y=999.379 Z=271.574] for [FirstPersonProjectile_C]
[2017.04.22-17.38.53:668][868]LogSpawn:Warning: SpawnActor failed because of collision at the spawn location [X=929.683 Y=932.963 Z=272.999] for [FirstPersonProjectile_C]
[2017.04.22-17.38.53:859][875]LogSpawn:Warning: SpawnActor failed because of collision at the spawn location [X=923.907 Y=840.316 Z=277.195] for [FirstPersonProjectile_C]
[2017.04.22-17.38.54:027][881]LogSpawn:Warning: SpawnActor failed because of collision at the spawn location [X=915.040 Y=750.645 Z=315.415] for [FirstPersonProjectile_C]
[2017.04.22-17.38.54:221][888]LogSpawn:Warning: SpawnActor failed because of collision at the spawn location [X=916.532 Y=723.029 Z=316.783] for [FirstPersonProjectile_C]
[2017.04.22-17.38.54:412][895]LogSpawn:Warning: SpawnActor failed because of collision at the spawn location [X=931.695 Y=710.652 Z=318.229] for [FirstPersonProjectile_C]
[2017.04.22-17.38.59:132][ 75]LogSpawn:Warning: SpawnActor failed because of collision at the spawn location [X=936.578 Y=631.797 Z=266.838] for [FirstPersonProjectile_C]
[2017.04.22-17.39.24:660][ 76]LogBlueprintUserMessages: Early EndPlayMap Detection: Level '/Game/FirstPersonCPP/Maps/FirstPersonExampleMap.FirstPersonExampleMap:PersistentLevel' has LevelScriptBlueprint '/Game/FirstPersonCPP/Maps/FirstPersonExampleMap.FirstPersonExampleMap:PersistentLevel.FirstPersonExampleMap' with GeneratedClass '/Game/FirstPersonCPP/Maps/FirstPersonExampleMap.FirstPersonExampleMap_C' with ClassGeneratedBy '/Game/FirstPersonCPP/Maps/FirstPersonExampleMap.FirstPersonExampleMap:PersistentLevel.FirstPersonExampleMap'
[2017.04.22-17.39.24:717][ 76]LogBlueprintUserMessages: Late EndPlayMap Detection: Level '/Game/FirstPersonCPP/Maps/FirstPersonExampleMap.FirstPersonExampleMap:PersistentLevel' has LevelScriptBlueprint '/Game/FirstPersonCPP/Maps/FirstPersonExampleMap.FirstPersonExampleMap:PersistentLevel.FirstPersonExampleMap' with GeneratedClass '/Game/FirstPersonCPP/Maps/FirstPersonExampleMap.FirstPersonExampleMap_C' with ClassGeneratedBy '/Game/FirstPersonCPP/Maps/FirstPersonExampleMap.FirstPersonExampleMap:PersistentLevel.FirstPersonExampleMap'
